0 info it worked if it ends with ok
1 verbose cli [ '/usr/bin/node',
1 verbose cli   '/usr/bin/npm',
1 verbose cli   'install',
1 verbose cli   '-g',
1 verbose cli   'generator-express' ]
2 info using npm@1.4.28
3 info using node@v0.10.37
4 verbose node symlink /usr/bin/node
5 verbose cache add [ 'generator-express', null ]
6 verbose cache add name=undefined spec="generator-express" args=["generator-express",null]
7 verbose parsed url { protocol: null,
7 verbose parsed url   slashes: null,
7 verbose parsed url   auth: null,
7 verbose parsed url   host: null,
7 verbose parsed url   port: null,
7 verbose parsed url   hostname: null,
7 verbose parsed url   hash: null,
7 verbose parsed url   search: null,
7 verbose parsed url   query: null,
7 verbose parsed url   pathname: 'generator-express',
7 verbose parsed url   path: 'generator-express',
7 verbose parsed url   href: 'generator-express' }
8 silly lockFile e43dff90-generator-express generator-express
9 verbose lock generator-express /home/joel/.npm/e43dff90-generator-express.lock
10 silly lockFile e43dff90-generator-express generator-express
11 silly lockFile e43dff90-generator-express generator-express
12 verbose addNamed [ 'generator-express', '' ]
13 verbose addNamed [ null, '*' ]
14 silly lockFile fbc6e229-generator-express generator-express@
15 verbose lock generator-express@ /home/joel/.npm/fbc6e229-generator-express.lock
16 silly addNameRange { name: 'generator-express', range: '*', hasData: false }
17 verbose request where is /generator-express
18 verbose request registry https://registry.npmjs.org/
19 verbose request id a02e3680787aae7c
20 verbose url raw /generator-express
21 verbose url resolving [ 'https://registry.npmjs.org/', './generator-express' ]
22 verbose url resolved https://registry.npmjs.org/generator-express
23 verbose request where is https://registry.npmjs.org/generator-express
24 info trying registry request attempt 1 at 21:31:19
25 http GET https://registry.npmjs.org/generator-express
26 http 200 https://registry.npmjs.org/generator-express
27 silly registry.get cb [ 200,
27 silly registry.get   { server: 'CouchDB/1.5.0 (Erlang OTP/R16B03)',
27 silly registry.get     etag: '"44OSZ4LGMA77DEDDIZ5QB8TFR"',
27 silly registry.get     'content-type': 'application/json',
27 silly registry.get     'cache-control': 'max-age=60',
27 silly registry.get     'content-length': '72156',
27 silly registry.get     'accept-ranges': 'bytes',
27 silly registry.get     date: 'Sat, 16 May 2015 00:31:20 GMT',
27 silly registry.get     via: '1.1 varnish',
27 silly registry.get     age: '0',
27 silly registry.get     connection: 'keep-alive',
27 silly registry.get     'x-served-by': 'cache-jfk1030-JFK',
27 silly registry.get     'x-cache': 'MISS',
27 silly registry.get     'x-cache-hits': '0',
27 silly registry.get     'x-timer': 'S1431736279.861229,VS0,VE325',
27 silly registry.get     vary: 'Accept' } ]
28 silly addNameRange number 2 { name: 'generator-express', range: '*', hasData: true }
29 silly addNameRange versions [ 'generator-express',
29 silly addNameRange   [ '0.1.0',
29 silly addNameRange     '0.1.1',
29 silly addNameRange     '0.1.2',
29 silly addNameRange     '0.2.0',
29 silly addNameRange     '0.2.1',
29 silly addNameRange     '0.3.0',
29 silly addNameRange     '0.3.1',
29 silly addNameRange     '1.0.0',
29 silly addNameRange     '1.0.1',
29 silly addNameRange     '1.0.4',
29 silly addNameRange     '1.0.5',
29 silly addNameRange     '1.0.6',
29 silly addNameRange     '1.0.7',
29 silly addNameRange     '1.0.8',
29 silly addNameRange     '2.0.0',
29 silly addNameRange     '2.0.1',
29 silly addNameRange     '2.0.2',
29 silly addNameRange     '2.0.3',
29 silly addNameRange     '2.0.4',
29 silly addNameRange     '2.0.5',
29 silly addNameRange     '2.0.6',
29 silly addNameRange     '2.0.7',
29 silly addNameRange     '2.0.8',
29 silly addNameRange     '2.0.9',
29 silly addNameRange     '2.1.0',
29 silly addNameRange     '2.1.1',
29 silly addNameRange     '2.1.2',
29 silly addNameRange     '2.1.3',
29 silly addNameRange     '2.2.0',
29 silly addNameRange     '2.2.1',
29 silly addNameRange     '2.2.2',
29 silly addNameRange     '2.3.0',
29 silly addNameRange     '2.3.1',
29 silly addNameRange     '2.4.0',
29 silly addNameRange     '2.4.1',
29 silly addNameRange     '2.4.2',
29 silly addNameRange     '2.4.3',
29 silly addNameRange     '2.4.4',
29 silly addNameRange     '2.4.5',
29 silly addNameRange     '2.5.0',
29 silly addNameRange     '2.5.1',
29 silly addNameRange     '2.5.2',
29 silly addNameRange     '2.5.3',
29 silly addNameRange     '2.5.4',
29 silly addNameRange     '2.5.5',
29 silly addNameRange     '2.5.6',
29 silly addNameRange     '2.5.7',
29 silly addNameRange     '2.5.8',
29 silly addNameRange     '2.5.9',
29 silly addNameRange     '2.5.10',
29 silly addNameRange     '2.5.11',
29 silly addNameRange     '2.5.12',
29 silly addNameRange     '2.5.13',
29 silly addNameRange     '2.6.0',
29 silly addNameRange     '2.6.1',
29 silly addNameRange     '2.6.2',
29 silly addNameRange     '2.7.0',
29 silly addNameRange     '2.7.1' ] ]
30 verbose addNamed [ 'generator-express', '2.7.1' ]
31 verbose addNamed [ '2.7.1', '2.7.1' ]
32 silly lockFile b3c58b69-generator-express-2-7-1 generator-express@2.7.1
33 verbose lock generator-express@2.7.1 /home/joel/.npm/b3c58b69-generator-express-2-7-1.lock
34 silly lockFile 3f644e78-ress-generator-express-2-7-1-tgz https://registry.npmjs.org/generator-express/-/generator-express-2.7.1.tgz
35 verbose lock https://registry.npmjs.org/generator-express/-/generator-express-2.7.1.tgz /home/joel/.npm/3f644e78-ress-generator-express-2-7-1-tgz.lock
36 verbose addRemoteTarball [ 'https://registry.npmjs.org/generator-express/-/generator-express-2.7.1.tgz',
36 verbose addRemoteTarball   'e3420f4459b1f44fc52585207140b974cd71ce1a' ]
37 info retry fetch attempt 1 at 21:31:20
38 verbose fetch to= /tmp/npm-4711-RnMJGBVb/registry.npmjs.org/generator-express/-/generator-express-2.7.1.tgz
39 http GET https://registry.npmjs.org/generator-express/-/generator-express-2.7.1.tgz
40 http 200 https://registry.npmjs.org/generator-express/-/generator-express-2.7.1.tgz
41 silly lockFile 3f644e78-ress-generator-express-2-7-1-tgz https://registry.npmjs.org/generator-express/-/generator-express-2.7.1.tgz
42 silly lockFile 3f644e78-ress-generator-express-2-7-1-tgz https://registry.npmjs.org/generator-express/-/generator-express-2.7.1.tgz
43 silly lockFile b3c58b69-generator-express-2-7-1 generator-express@2.7.1
44 silly lockFile b3c58b69-generator-express-2-7-1 generator-express@2.7.1
45 silly lockFile fbc6e229-generator-express generator-express@
46 silly lockFile fbc6e229-generator-express generator-express@
47 silly resolved [ { name: 'generator-express',
47 silly resolved     version: '2.7.1',
47 silly resolved     description: 'A nodejs express generator for Yeoman',
47 silly resolved     keywords: [ 'yeoman-generator', 'express', 'scaffold' ],
47 silly resolved     homepage: 'https://github.com/petecoop/generator-express',
47 silly resolved     bugs: { url: 'https://github.com/petecoop/generator-express/issues' },
47 silly resolved     author:
47 silly resolved      { name: 'petecoop',
47 silly resolved        email: 'pete@petecoop.co.uk',
47 silly resolved        url: 'http://petecoop.co.uk' },
47 silly resolved     contributors: [ [Object] ],
47 silly resolved     main: 'app/index.js',
47 silly resolved     repository:
47 silly resolved      { type: 'git',
47 silly resolved        url: 'https://github.com/petecoop/generator-express.git' },
47 silly resolved     scripts: { test: 'mocha' },
47 silly resolved     dependencies:
47 silly resolved      { glob: '^5.0.5',
47 silly resolved        mkdirp: '^0.5.0',
47 silly resolved        'underscore.string': '^3.0.3',
47 silly resolved        'yeoman-generator': '~0.19.2' },
47 silly resolved     devDependencies: { mocha: '~2.1.0', rimraf: '^2.3.2' },
47 silly resolved     engines: { node: '>=0.8.0' },
47 silly resolved     licenses: [ [Object] ],
47 silly resolved     gitHead: '625a8314923f2663fc9281d7e97d93f9fa61a8a5',
47 silly resolved     _id: 'generator-express@2.7.1',
47 silly resolved     _shasum: 'e3420f4459b1f44fc52585207140b974cd71ce1a',
47 silly resolved     _from: 'generator-express@',
47 silly resolved     _npmVersion: '2.6.0',
47 silly resolved     _nodeVersion: '0.12.0',
47 silly resolved     _npmUser: { name: 'petecoop', email: 'pete@petecoop.co.uk' },
47 silly resolved     maintainers: [ [Object] ],
47 silly resolved     dist:
47 silly resolved      { shasum: 'e3420f4459b1f44fc52585207140b974cd71ce1a',
47 silly resolved        tarball: 'http://registry.npmjs.org/generator-express/-/generator-express-2.7.1.tgz' },
47 silly resolved     directories: {},
47 silly resolved     _resolved: 'https://registry.npmjs.org/generator-express/-/generator-express-2.7.1.tgz' } ]
48 info install generator-express@2.7.1 into /usr/lib
49 info installOne generator-express@2.7.1
50 verbose lib/node_modules/generator-express unbuild
51 verbose tar unpack /home/joel/.npm/generator-express/2.7.1/package.tgz
52 silly lockFile 4e830c97-b-node-modules-generator-express tar:///usr/lib/node_modules/generator-express
53 verbose lock tar:///usr/lib/node_modules/generator-express /home/joel/.npm/4e830c97-b-node-modules-generator-express.lock
54 silly lockFile 163732fc-erator-express-2-7-1-package-tgz tar:///home/joel/.npm/generator-express/2.7.1/package.tgz
55 verbose lock tar:///home/joel/.npm/generator-express/2.7.1/package.tgz /home/joel/.npm/163732fc-erator-express-2-7-1-package-tgz.lock
56 silly gunzTarPerm modes [ '775', '664' ]
57 error Error: EACCES, mkdir '/usr/lib/node_modules/generator-express'
57 error  { [Error: EACCES, mkdir '/usr/lib/node_modules/generator-express']
57 error   errno: 3,
57 error   code: 'EACCES',
57 error   path: '/usr/lib/node_modules/generator-express',
57 error   fstream_type: 'Directory',
57 error   fstream_path: '/usr/lib/node_modules/generator-express',
57 error   fstream_class: 'DirWriter',
57 error   fstream_stack:
57 error    [ '/usr/lib/node_modules/npm/node_modules/fstream/lib/dir-writer.js:36:23',
57 error      '/usr/lib/node_modules/npm/node_modules/mkdirp/index.js:46:53',
57 error      'Object.oncomplete (fs.js:108:15)' ] }
58 error Please try running this command again as root/Administrator.
59 error System Linux 3.16.0-37-generic
60 error command "/usr/bin/node" "/usr/bin/npm" "install" "-g" "generator-express"
61 error cwd /home/joel/Develop/PiFiles/Pi
62 error node -v v0.10.37
63 error npm -v 1.4.28
64 error path /usr/lib/node_modules/generator-express
65 error fstream_path /usr/lib/node_modules/generator-express
66 error fstream_type Directory
67 error fstream_class DirWriter
68 error code EACCES
69 error errno 3
70 error stack Error: EACCES, mkdir '/usr/lib/node_modules/generator-express'
71 error fstream_stack /usr/lib/node_modules/npm/node_modules/fstream/lib/dir-writer.js:36:23
71 error fstream_stack /usr/lib/node_modules/npm/node_modules/mkdirp/index.js:46:53
71 error fstream_stack Object.oncomplete (fs.js:108:15)
72 verbose exit [ 3, true ]
